<?xml version="1.0" encoding="UTF-8"?>
<testng-results ignored="0" total="4" passed="4" failed="0" skipped="0">
  <reporter-output>
  </reporter-output>
  <suite started-at="2025-06-16T14:39:22 EDT" name="PetSuite" finished-at="2025-06-16T14:39:25 EDT" duration-ms="3633">
    <groups>
    </groups>
    <test started-at="2025-06-16T14:39:22 EDT" name="PetTests" finished-at="2025-06-16T14:39:25 EDT" duration-ms="3633">
      <class name="api.test.UserTests">
        <test-method is-config="true" signature="setupData()[pri:0, instance:api.test.UserTests@49ec71f8]" started-at="2025-06-16T14:39:22 EDT" name="setupData" finished-at="2025-06-16T14:39:22 EDT" duration-ms="239" status="PASS">
          <reporter-output>
          </reporter-output>
        </test-method> <!-- setupData -->
        <test-method signature="testPostUser()[pri:1, instance:api.test.UserTests@49ec71f8]" started-at="2025-06-16T14:39:22 EDT" name="testPostUser" finished-at="2025-06-16T14:39:25 EDT" duration-ms="2508" status="PASS">
          <reporter-output>
          </reporter-output>
        </test-method> <!-- testPostUser -->
        <test-method signature="testGetUser()[pri:2, instance:api.test.UserTests@49ec71f8]" started-at="2025-06-16T14:39:25 EDT" name="testGetUser" finished-at="2025-06-16T14:39:25 EDT" depends-on-methods="api.test.UserTests.testPostUser" duration-ms="229" status="PASS">
          <reporter-output>
          </reporter-output>
        </test-method> <!-- testGetUser -->
        <test-method signature="testUpdateUser()[pri:3, instance:api.test.UserTests@49ec71f8]" started-at="2025-06-16T14:39:25 EDT" name="testUpdateUser" finished-at="2025-06-16T14:39:25 EDT" depends-on-methods="api.test.UserTests.testGetUser" duration-ms="196" status="PASS">
          <reporter-output>
          </reporter-output>
        </test-method> <!-- testUpdateUser -->
        <test-method signature="testDeleteUser()[pri:4, instance:api.test.UserTests@49ec71f8]" started-at="2025-06-16T14:39:25 EDT" name="testDeleteUser" finished-at="2025-06-16T14:39:25 EDT" depends-on-methods="api.test.UserTests.testUpdateUser" duration-ms="192" status="PASS">
          <reporter-output>
          </reporter-output>
        </test-method> <!-- testDeleteUser -->
      </class> <!-- api.test.UserTests -->
    </test> <!-- PetTests -->
  </suite> <!-- PetSuite -->
</testng-results>
