<?xml version="1.0" encoding="UTF-8"?>
<testng-results ignored="0" total="4" passed="4" failed="0" skipped="0">
  <reporter-output>
  </reporter-output>
  <suite started-at="2025-06-16T14:28:43 EDT" name="Default suite" finished-at="2025-06-16T14:28:47 EDT" duration-ms="3185">
    <groups>
    </groups>
    <test started-at="2025-06-16T14:28:43 EDT" name="Default test" finished-at="2025-06-16T14:28:47 EDT" duration-ms="3185">
      <class name="api.test.UserTests">
        <test-method is-config="true" signature="setupData()[pri:0, instance:api.test.UserTests@3b0090a4]" started-at="2025-06-16T14:28:43 EDT" name="setupData" finished-at="2025-06-16T14:28:44 EDT" duration-ms="214" status="PASS">
          <reporter-output>
          </reporter-output>
        </test-method> <!-- setupData -->
        <test-method signature="testPostUser()[pri:1, instance:api.test.UserTests@3b0090a4]" started-at="2025-06-16T14:28:44 EDT" name="testPostUser" finished-at="2025-06-16T14:28:46 EDT" duration-ms="2401" status="PASS">
          <reporter-output>
          </reporter-output>
        </test-method> <!-- testPostUser -->
        <test-method signature="testGetUser()[pri:2, instance:api.test.UserTests@3b0090a4]" started-at="2025-06-16T14:28:46 EDT" name="testGetUser" finished-at="2025-06-16T14:28:46 EDT" depends-on-methods="api.test.UserTests.testPostUser" duration-ms="203" status="PASS">
          <reporter-output>
          </reporter-output>
        </test-method> <!-- testGetUser -->
        <test-method signature="testUpdateUser()[pri:3, instance:api.test.UserTests@3b0090a4]" started-at="2025-06-16T14:28:46 EDT" name="testUpdateUser" finished-at="2025-06-16T14:28:46 EDT" depends-on-methods="api.test.UserTests.testGetUser" duration-ms="154" status="PASS">
          <reporter-output>
          </reporter-output>
        </test-method> <!-- testUpdateUser -->
        <test-method signature="testDeleteUser()[pri:4, instance:api.test.UserTests@3b0090a4]" started-at="2025-06-16T14:28:46 EDT" name="testDeleteUser" finished-at="2025-06-16T14:28:47 EDT" depends-on-methods="api.test.UserTests.testUpdateUser" duration-ms="156" status="PASS">
          <reporter-output>
          </reporter-output>
        </test-method> <!-- testDeleteUser -->
      </class> <!-- api.test.UserTests -->
    </test> <!-- Default test -->
  </suite> <!-- Default suite -->
</testng-results>
