<?xml version="1.0" encoding="UTF-8"?>
<!-- Generated by org.testng.reporters.JUnitXMLReporter -->
<testsuite ignored="0" hostname="Shalini" failures="0" tests="4" name="PetTests" time="3.633" errors="0" timestamp="2025-06-16T14:39:26 EDT">
  <testcase classname="api.test.UserTests" name="testPostUser" time="2.508"/>
  <testcase classname="api.test.UserTests" name="testGetUser" time="0.229"/>
  <testcase classname="api.test.UserTests" name="testUpdateUser" time="0.196"/>
  <testcase classname="api.test.UserTests" name="testDeleteUser" time="0.192"/>
</testsuite> <!-- PetTests -->
