<?xml version="1.0" encoding="UTF-8"?>
<!-- Generated by org.testng.reporters.JUnitXMLReporter -->
<testsuite ignored="0" hostname="Shalini" failures="1" tests="4" name="PetTests" time="3.927" errors="0" timestamp="2025-06-04T13:24:56 EDT">
  <testcase classname="api.test.UserTests" name="testPostUser" time="2.937"/>
  <testcase classname="api.test.UserTests" name="testGetUser" time="0.332">
    <failure type="java.lang.AssertionError" message="expected [200] but found [404]">
      <![CDATA[java.lang.AssertionError: expected [200] but found [404]
at api.test.UserTests.testGetUser(UserTests.java:49)
at java.base/java.util.ArrayList.forEach(ArrayList.java:1596)
... Removed 32 stack frames]]>
    </failure>
  </testcase> <!-- testGetUser -->
  <testcase classname="api.test.UserTests" name="testUpdateUser" time="0.0">
    <skipped/>
  </testcase> <!-- testUpdateUser -->
  <testcase classname="api.test.UserTests" name="testDeleteUser" time="0.0">
    <skipped/>
  </testcase> <!-- testDeleteUser -->
</testsuite> <!-- PetTests -->
